Build output check failed:
    Regex: 'command[- ]line option .* is valid for .* but not for C'
    Output line: 'cc1: warning: command-line option ‘-Wnon-virtual-dtor’ is valid for C++/ObjC++ but not for C'
Compilation failed:
    source file: '/home/sanmopre/OpenCV_UAV/opencv-4.9.0/build/CMakeFiles/CMakeTmp/src.c'
    check option: ' -fsigned-char -W -Wall -Wreturn-type  -Wnon-virtual-dtor'
===== BUILD LOG =====
Change Dir: /home/sanmopre/OpenCV_UAV/opencv-4.9.0/build/CMakeFiles/CMakeTmp

Run Build Command(s):/usr/bin/gmake -f Makefile cmTC_23d72/fast && /usr/bin/gmake  -f CMakeFiles/cmTC_23d72.dir/build.make CMakeFiles/cmTC_23d72.dir/build
gmake[1]: Entering directory '/home/sanmopre/OpenCV_UAV/opencv-4.9.0/build/CMakeFiles/CMakeTmp'
Building C object CMakeFiles/cmTC_23d72.dir/src.c.o
/usr/bin/cc   -O3 -DNDEBUG -fPIE    -fsigned-char -W -Wall -Wreturn-type  -Wnon-virtual-dtor -o CMakeFiles/cmTC_23d72.dir/src.c.o -c /home/sanmopre/OpenCV_UAV/opencv-4.9.0/build/CMakeFiles/CMakeTmp/src.c
cc1: warning: command-line option ‘-Wnon-virtual-dtor’ is valid for C++/ObjC++ but not for C
/home/sanmopre/OpenCV_UAV/opencv-4.9.0/build/CMakeFiles/CMakeTmp/src.c:1: warning: ignoring ‘#pragma  ’ [-Wunknown-pragmas]
    1 | #pragma
      | 
Linking C executable cmTC_23d72
/usr/bin/cmake -E cmake_link_script CMakeFiles/cmTC_23d72.dir/link.txt --verbose=1
/usr/bin/cc -O3 -DNDEBUG CMakeFiles/cmTC_23d72.dir/src.c.o -o cmTC_23d72 
gmake[1]: Leaving directory '/home/sanmopre/OpenCV_UAV/opencv-4.9.0/build/CMakeFiles/CMakeTmp'


===== END =====

Build output check failed:
    Regex: 'command[- ]line option .* is valid for .* but not for C\+\+'
    Output line: 'cc1plus: warning: command-line option ‘-Wmissing-prototypes’ is valid for C/ObjC but not for C++'
Compilation failed:
    source file: '/home/sanmopre/OpenCV_UAV/opencv-4.9.0/build/CMakeFiles/CMakeTmp/src.cxx'
    check option: ' -fsigned-char -W -Wall -Wreturn-type -Wnon-virtual-dtor -Waddress -Wsequence-point -Wformat -Wformat-security -Wmissing-declarations  -Wmissing-prototypes'
===== BUILD LOG =====
Change Dir: /home/sanmopre/OpenCV_UAV/opencv-4.9.0/build/CMakeFiles/CMakeTmp

Run Build Command(s):/usr/bin/gmake -f Makefile cmTC_425c5/fast && /usr/bin/gmake  -f CMakeFiles/cmTC_425c5.dir/build.make CMakeFiles/cmTC_425c5.dir/build
gmake[1]: Entering directory '/home/sanmopre/OpenCV_UAV/opencv-4.9.0/build/CMakeFiles/CMakeTmp'
Building CXX object CMakeFiles/cmTC_425c5.dir/src.cxx.o
/usr/bin/c++   -O3 -DNDEBUG -fPIE    -fsigned-char -W -Wall -Wreturn-type -Wnon-virtual-dtor -Waddress -Wsequence-point -Wformat -Wformat-security -Wmissing-declarations  -Wmissing-prototypes -std=c++11 -o CMakeFiles/cmTC_425c5.dir/src.cxx.o -c /home/sanmopre/OpenCV_UAV/opencv-4.9.0/build/CMakeFiles/CMakeTmp/src.cxx
cc1plus: warning: command-line option ‘-Wmissing-prototypes’ is valid for C/ObjC but not for C++
/home/sanmopre/OpenCV_UAV/opencv-4.9.0/build/CMakeFiles/CMakeTmp/src.cxx:1: warning: ignoring ‘#pragma  ’ [-Wunknown-pragmas]
    1 | #pragma
      | 
Linking CXX executable cmTC_425c5
/usr/bin/cmake -E cmake_link_script CMakeFiles/cmTC_425c5.dir/link.txt --verbose=1
/usr/bin/c++ -O3 -DNDEBUG CMakeFiles/cmTC_425c5.dir/src.cxx.o -o cmTC_425c5 
gmake[1]: Leaving directory '/home/sanmopre/OpenCV_UAV/opencv-4.9.0/build/CMakeFiles/CMakeTmp'


===== END =====

Build output check failed:
    Regex: 'command[- ]line option .* is valid for .* but not for C\+\+'
    Output line: 'cc1plus: warning: command-line option ‘-Wstrict-prototypes’ is valid for C/ObjC but not for C++'
Compilation failed:
    source file: '/home/sanmopre/OpenCV_UAV/opencv-4.9.0/build/CMakeFiles/CMakeTmp/src.cxx'
    check option: ' -fsigned-char -W -Wall -Wreturn-type -Wnon-virtual-dtor -Waddress -Wsequence-point -Wformat -Wformat-security -Wmissing-declarations  -Wstrict-prototypes'
===== BUILD LOG =====
Change Dir: /home/sanmopre/OpenCV_UAV/opencv-4.9.0/build/CMakeFiles/CMakeTmp

Run Build Command(s):/usr/bin/gmake -f Makefile cmTC_1abf3/fast && /usr/bin/gmake  -f CMakeFiles/cmTC_1abf3.dir/build.make CMakeFiles/cmTC_1abf3.dir/build
gmake[1]: Entering directory '/home/sanmopre/OpenCV_UAV/opencv-4.9.0/build/CMakeFiles/CMakeTmp'
Building CXX object CMakeFiles/cmTC_1abf3.dir/src.cxx.o
/usr/bin/c++   -O3 -DNDEBUG -fPIE    -fsigned-char -W -Wall -Wreturn-type -Wnon-virtual-dtor -Waddress -Wsequence-point -Wformat -Wformat-security -Wmissing-declarations  -Wstrict-prototypes -std=c++11 -o CMakeFiles/cmTC_1abf3.dir/src.cxx.o -c /home/sanmopre/OpenCV_UAV/opencv-4.9.0/build/CMakeFiles/CMakeTmp/src.cxx
cc1plus: warning: command-line option ‘-Wstrict-prototypes’ is valid for C/ObjC but not for C++
/home/sanmopre/OpenCV_UAV/opencv-4.9.0/build/CMakeFiles/CMakeTmp/src.cxx:1: warning: ignoring ‘#pragma  ’ [-Wunknown-pragmas]
    1 | #pragma
      | 
Linking CXX executable cmTC_1abf3
/usr/bin/cmake -E cmake_link_script CMakeFiles/cmTC_1abf3.dir/link.txt --verbose=1
/usr/bin/c++ -O3 -DNDEBUG CMakeFiles/cmTC_1abf3.dir/src.cxx.o -o cmTC_1abf3 
gmake[1]: Leaving directory '/home/sanmopre/OpenCV_UAV/opencv-4.9.0/build/CMakeFiles/CMakeTmp'


===== END =====

Build output check failed:
    Regex: 'command[- ]line option .* is valid for .* but not for C'
    Output line: 'cc1: warning: command-line option ‘-Wsign-promo’ is valid for C++/ObjC++ but not for C'
Compilation failed:
    source file: '/home/sanmopre/OpenCV_UAV/opencv-4.9.0/build/CMakeFiles/CMakeTmp/src.c'
    check option: ' -fsigned-char -W -Wall -Wreturn-type -Waddress -Wsequence-point -Wformat -Wformat-security -Wmissing-declarations -Wmissing-prototypes -Wstrict-prototypes -Wundef -Winit-self -Wpointer-arith -Wshadow  -Wsign-promo'
===== BUILD LOG =====
Change Dir: /home/sanmopre/OpenCV_UAV/opencv-4.9.0/build/CMakeFiles/CMakeTmp

Run Build Command(s):/usr/bin/gmake -f Makefile cmTC_c80b4/fast && /usr/bin/gmake  -f CMakeFiles/cmTC_c80b4.dir/build.make CMakeFiles/cmTC_c80b4.dir/build
gmake[1]: Entering directory '/home/sanmopre/OpenCV_UAV/opencv-4.9.0/build/CMakeFiles/CMakeTmp'
Building C object CMakeFiles/cmTC_c80b4.dir/src.c.o
/usr/bin/cc   -O3 -DNDEBUG -fPIE    -fsigned-char -W -Wall -Wreturn-type -Waddress -Wsequence-point -Wformat -Wformat-security -Wmissing-declarations -Wmissing-prototypes -Wstrict-prototypes -Wundef -Winit-self -Wpointer-arith -Wshadow  -Wsign-promo -o CMakeFiles/cmTC_c80b4.dir/src.c.o -c /home/sanmopre/OpenCV_UAV/opencv-4.9.0/build/CMakeFiles/CMakeTmp/src.c
cc1: warning: command-line option ‘-Wsign-promo’ is valid for C++/ObjC++ but not for C
/home/sanmopre/OpenCV_UAV/opencv-4.9.0/build/CMakeFiles/CMakeTmp/src.c:1: warning: ignoring ‘#pragma  ’ [-Wunknown-pragmas]
    1 | #pragma
      | 
Linking C executable cmTC_c80b4
/usr/bin/cmake -E cmake_link_script CMakeFiles/cmTC_c80b4.dir/link.txt --verbose=1
/usr/bin/cc -O3 -DNDEBUG CMakeFiles/cmTC_c80b4.dir/src.c.o -o cmTC_c80b4 
gmake[1]: Leaving directory '/home/sanmopre/OpenCV_UAV/opencv-4.9.0/build/CMakeFiles/CMakeTmp'


===== END =====

Build output check failed:
    Regex: 'command[- ]line option .* is valid for .* but not for C'
    Output line: 'cc1: warning: command-line option ‘-Wsuggest-override’ is valid for C++/ObjC++ but not for C'
Compilation failed:
    source file: '/home/sanmopre/OpenCV_UAV/opencv-4.9.0/build/CMakeFiles/CMakeTmp/src.c'
    check option: ' -fsigned-char -W -Wall -Wreturn-type -Waddress -Wsequence-point -Wformat -Wformat-security -Wmissing-declarations -Wmissing-prototypes -Wstrict-prototypes -Wundef -Winit-self -Wpointer-arith -Wshadow -Wuninitialized  -Wsuggest-override'
===== BUILD LOG =====
Change Dir: /home/sanmopre/OpenCV_UAV/opencv-4.9.0/build/CMakeFiles/CMakeTmp

Run Build Command(s):/usr/bin/gmake -f Makefile cmTC_3f56f/fast && /usr/bin/gmake  -f CMakeFiles/cmTC_3f56f.dir/build.make CMakeFiles/cmTC_3f56f.dir/build
gmake[1]: Entering directory '/home/sanmopre/OpenCV_UAV/opencv-4.9.0/build/CMakeFiles/CMakeTmp'
Building C object CMakeFiles/cmTC_3f56f.dir/src.c.o
/usr/bin/cc   -O3 -DNDEBUG -fPIE    -fsigned-char -W -Wall -Wreturn-type -Waddress -Wsequence-point -Wformat -Wformat-security -Wmissing-declarations -Wmissing-prototypes -Wstrict-prototypes -Wundef -Winit-self -Wpointer-arith -Wshadow -Wuninitialized  -Wsuggest-override -o CMakeFiles/cmTC_3f56f.dir/src.c.o -c /home/sanmopre/OpenCV_UAV/opencv-4.9.0/build/CMakeFiles/CMakeTmp/src.c
cc1: warning: command-line option ‘-Wsuggest-override’ is valid for C++/ObjC++ but not for C
/home/sanmopre/OpenCV_UAV/opencv-4.9.0/build/CMakeFiles/CMakeTmp/src.c:1: warning: ignoring ‘#pragma  ’ [-Wunknown-pragmas]
    1 | #pragma
      | 
Linking C executable cmTC_3f56f
/usr/bin/cmake -E cmake_link_script CMakeFiles/cmTC_3f56f.dir/link.txt --verbose=1
/usr/bin/cc -O3 -DNDEBUG CMakeFiles/cmTC_3f56f.dir/src.c.o -o cmTC_3f56f 
gmake[1]: Leaving directory '/home/sanmopre/OpenCV_UAV/opencv-4.9.0/build/CMakeFiles/CMakeTmp'


===== END =====

Build output check failed:
    Regex: 'command[- ]line option .* is valid for .* but not for C'
    Output line: 'cc1: warning: command-line option ‘-Wno-delete-non-virtual-dtor’ is valid for C++/ObjC++ but not for C'
Compilation failed:
    source file: '/home/sanmopre/OpenCV_UAV/opencv-4.9.0/build/CMakeFiles/CMakeTmp/src.c'
    check option: ' -fsigned-char -W -Wall -Wreturn-type -Waddress -Wsequence-point -Wformat -Wformat-security -Wmissing-declarations -Wmissing-prototypes -Wstrict-prototypes -Wundef -Winit-self -Wpointer-arith -Wshadow -Wuninitialized  -Wno-delete-non-virtual-dtor'
===== BUILD LOG =====
Change Dir: /home/sanmopre/OpenCV_UAV/opencv-4.9.0/build/CMakeFiles/CMakeTmp

Run Build Command(s):/usr/bin/gmake -f Makefile cmTC_fc172/fast && /usr/bin/gmake  -f CMakeFiles/cmTC_fc172.dir/build.make CMakeFiles/cmTC_fc172.dir/build
gmake[1]: Entering directory '/home/sanmopre/OpenCV_UAV/opencv-4.9.0/build/CMakeFiles/CMakeTmp'
Building C object CMakeFiles/cmTC_fc172.dir/src.c.o
/usr/bin/cc   -O3 -DNDEBUG -fPIE    -fsigned-char -W -Wall -Wreturn-type -Waddress -Wsequence-point -Wformat -Wformat-security -Wmissing-declarations -Wmissing-prototypes -Wstrict-prototypes -Wundef -Winit-self -Wpointer-arith -Wshadow -Wuninitialized  -Wno-delete-non-virtual-dtor -o CMakeFiles/cmTC_fc172.dir/src.c.o -c /home/sanmopre/OpenCV_UAV/opencv-4.9.0/build/CMakeFiles/CMakeTmp/src.c
cc1: warning: command-line option ‘-Wno-delete-non-virtual-dtor’ is valid for C++/ObjC++ but not for C
/home/sanmopre/OpenCV_UAV/opencv-4.9.0/build/CMakeFiles/CMakeTmp/src.c:1: warning: ignoring ‘#pragma  ’ [-Wunknown-pragmas]
    1 | #pragma
      | 
Linking C executable cmTC_fc172
/usr/bin/cmake -E cmake_link_script CMakeFiles/cmTC_fc172.dir/link.txt --verbose=1
/usr/bin/cc -O3 -DNDEBUG CMakeFiles/cmTC_fc172.dir/src.c.o -o cmTC_fc172 
gmake[1]: Leaving directory '/home/sanmopre/OpenCV_UAV/opencv-4.9.0/build/CMakeFiles/CMakeTmp'


===== END =====

Build output check failed:
    Regex: 'unrecognized .*option'
    Output line: 'cc1plus: note: unrecognized command-line option ‘-Wno-unnamed-type-template-args’ may have been intended to silence earlier diagnostics'
Compilation failed:
    source file: '/home/sanmopre/OpenCV_UAV/opencv-4.9.0/build/CMakeFiles/CMakeTmp/src.cxx'
    check option: ' -fsigned-char -W -Wall -Wreturn-type -Wnon-virtual-dtor -Waddress -Wsequence-point -Wformat -Wformat-security -Wmissing-declarations -Wundef -Winit-self -Wpointer-arith -Wshadow -Wsign-promo -Wuninitialized -Wsuggest-override -Wno-delete-non-virtual-dtor  -Wno-unnamed-type-template-args'
===== BUILD LOG =====
Change Dir: /home/sanmopre/OpenCV_UAV/opencv-4.9.0/build/CMakeFiles/CMakeTmp

Run Build Command(s):/usr/bin/gmake -f Makefile cmTC_d186b/fast && /usr/bin/gmake  -f CMakeFiles/cmTC_d186b.dir/build.make CMakeFiles/cmTC_d186b.dir/build
gmake[1]: Entering directory '/home/sanmopre/OpenCV_UAV/opencv-4.9.0/build/CMakeFiles/CMakeTmp'
Building CXX object CMakeFiles/cmTC_d186b.dir/src.cxx.o
/usr/bin/c++   -O3 -DNDEBUG -fPIE    -fsigned-char -W -Wall -Wreturn-type -Wnon-virtual-dtor -Waddress -Wsequence-point -Wformat -Wformat-security -Wmissing-declarations -Wundef -Winit-self -Wpointer-arith -Wshadow -Wsign-promo -Wuninitialized -Wsuggest-override -Wno-delete-non-virtual-dtor  -Wno-unnamed-type-template-args -std=c++11 -o CMakeFiles/cmTC_d186b.dir/src.cxx.o -c /home/sanmopre/OpenCV_UAV/opencv-4.9.0/build/CMakeFiles/CMakeTmp/src.cxx
/home/sanmopre/OpenCV_UAV/opencv-4.9.0/build/CMakeFiles/CMakeTmp/src.cxx:1: warning: ignoring ‘#pragma  ’ [-Wunknown-pragmas]
    1 | #pragma
      | 
cc1plus: note: unrecognized command-line option ‘-Wno-unnamed-type-template-args’ may have been intended to silence earlier diagnostics
Linking CXX executable cmTC_d186b
/usr/bin/cmake -E cmake_link_script CMakeFiles/cmTC_d186b.dir/link.txt --verbose=1
/usr/bin/c++ -O3 -DNDEBUG CMakeFiles/cmTC_d186b.dir/src.cxx.o -o cmTC_d186b 
gmake[1]: Leaving directory '/home/sanmopre/OpenCV_UAV/opencv-4.9.0/build/CMakeFiles/CMakeTmp'


===== END =====

Build output check failed:
    Regex: 'unrecognized .*option'
    Output line: 'cc1: note: unrecognized command-line option ‘-Wno-unnamed-type-template-args’ may have been intended to silence earlier diagnostics'
Compilation failed:
    source file: '/home/sanmopre/OpenCV_UAV/opencv-4.9.0/build/CMakeFiles/CMakeTmp/src.c'
    check option: ' -fsigned-char -W -Wall -Wreturn-type -Waddress -Wsequence-point -Wformat -Wformat-security -Wmissing-declarations -Wmissing-prototypes -Wstrict-prototypes -Wundef -Winit-self -Wpointer-arith -Wshadow -Wuninitialized  -Wno-unnamed-type-template-args'
===== BUILD LOG =====
Change Dir: /home/sanmopre/OpenCV_UAV/opencv-4.9.0/build/CMakeFiles/CMakeTmp

Run Build Command(s):/usr/bin/gmake -f Makefile cmTC_e50ba/fast && /usr/bin/gmake  -f CMakeFiles/cmTC_e50ba.dir/build.make CMakeFiles/cmTC_e50ba.dir/build
gmake[1]: Entering directory '/home/sanmopre/OpenCV_UAV/opencv-4.9.0/build/CMakeFiles/CMakeTmp'
Building C object CMakeFiles/cmTC_e50ba.dir/src.c.o
/usr/bin/cc   -O3 -DNDEBUG -fPIE    -fsigned-char -W -Wall -Wreturn-type -Waddress -Wsequence-point -Wformat -Wformat-security -Wmissing-declarations -Wmissing-prototypes -Wstrict-prototypes -Wundef -Winit-self -Wpointer-arith -Wshadow -Wuninitialized  -Wno-unnamed-type-template-args -o CMakeFiles/cmTC_e50ba.dir/src.c.o -c /home/sanmopre/OpenCV_UAV/opencv-4.9.0/build/CMakeFiles/CMakeTmp/src.c
/home/sanmopre/OpenCV_UAV/opencv-4.9.0/build/CMakeFiles/CMakeTmp/src.c:1: warning: ignoring ‘#pragma  ’ [-Wunknown-pragmas]
    1 | #pragma
      | 
cc1: note: unrecognized command-line option ‘-Wno-unnamed-type-template-args’ may have been intended to silence earlier diagnostics
Linking C executable cmTC_e50ba
/usr/bin/cmake -E cmake_link_script CMakeFiles/cmTC_e50ba.dir/link.txt --verbose=1
/usr/bin/cc -O3 -DNDEBUG CMakeFiles/cmTC_e50ba.dir/src.c.o -o cmTC_e50ba 
gmake[1]: Leaving directory '/home/sanmopre/OpenCV_UAV/opencv-4.9.0/build/CMakeFiles/CMakeTmp'


===== END =====

Build output check failed:
    Regex: 'command[- ]line option .* is valid for .* but not for C'
    Output line: 'cc1: warning: command-line option ‘-fvisibility-inlines-hidden’ is valid for C++/ObjC++ but not for C'
Compilation failed:
    source file: '/home/sanmopre/OpenCV_UAV/opencv-4.9.0/build/CMakeFiles/CMakeTmp/src.c'
    check option: ' -fsigned-char -W -Wall -Wreturn-type -Waddress -Wsequence-point -Wformat -Wformat-security -Wmissing-declarations -Wmissing-prototypes -Wstrict-prototypes -Wundef -Winit-self -Wpointer-arith -Wshadow -Wuninitialized -Wno-comment -Wimplicit-fallthrough=3 -Wno-strict-overflow -fdiagnostics-show-option -Wno-long-long -pthread -fomit-frame-pointer -ffunction-sections -fdata-sections  -msse -msse2 -msse3 -fvisibility=hidden  -fvisibility-inlines-hidden'
===== BUILD LOG =====
Change Dir: /home/sanmopre/OpenCV_UAV/opencv-4.9.0/build/CMakeFiles/CMakeTmp

Run Build Command(s):/usr/bin/gmake -f Makefile cmTC_802e6/fast && /usr/bin/gmake  -f CMakeFiles/cmTC_802e6.dir/build.make CMakeFiles/cmTC_802e6.dir/build
gmake[1]: Entering directory '/home/sanmopre/OpenCV_UAV/opencv-4.9.0/build/CMakeFiles/CMakeTmp'
Building C object CMakeFiles/cmTC_802e6.dir/src.c.o
/usr/bin/cc   -O3 -DNDEBUG -fPIE    -fsigned-char -W -Wall -Wreturn-type -Waddress -Wsequence-point -Wformat -Wformat-security -Wmissing-declarations -Wmissing-prototypes -Wstrict-prototypes -Wundef -Winit-self -Wpointer-arith -Wshadow -Wuninitialized -Wno-comment -Wimplicit-fallthrough=3 -Wno-strict-overflow -fdiagnostics-show-option -Wno-long-long -pthread -fomit-frame-pointer -ffunction-sections -fdata-sections  -msse -msse2 -msse3 -fvisibility=hidden  -fvisibility-inlines-hidden -o CMakeFiles/cmTC_802e6.dir/src.c.o -c /home/sanmopre/OpenCV_UAV/opencv-4.9.0/build/CMakeFiles/CMakeTmp/src.c
cc1: warning: command-line option ‘-fvisibility-inlines-hidden’ is valid for C++/ObjC++ but not for C
/home/sanmopre/OpenCV_UAV/opencv-4.9.0/build/CMakeFiles/CMakeTmp/src.c:1: warning: ignoring ‘#pragma  ’ [-Wunknown-pragmas]
    1 | #pragma
      | 
Linking C executable cmTC_802e6
/usr/bin/cmake -E cmake_link_script CMakeFiles/cmTC_802e6.dir/link.txt --verbose=1
/usr/bin/cc -O3 -DNDEBUG CMakeFiles/cmTC_802e6.dir/src.c.o -o cmTC_802e6 
gmake[1]: Leaving directory '/home/sanmopre/OpenCV_UAV/opencv-4.9.0/build/CMakeFiles/CMakeTmp'


===== END =====

Build output check failed:
    Regex: 'unrecognized .*option'
    Output line: 'cc1: note: unrecognized command-line option ‘-Wno-implicit-const-int-float-conversion’ may have been intended to silence earlier diagnostics'
Compilation failed:
    source file: '/home/sanmopre/OpenCV_UAV/opencv-4.9.0/build/CMakeFiles/CMakeTmp/src.c'
    check option: ' -Wno-implicit-const-int-float-conversion'
===== BUILD LOG =====
Change Dir: /home/sanmopre/OpenCV_UAV/opencv-4.9.0/build/CMakeFiles/CMakeTmp

Run Build Command(s):/usr/bin/gmake -f Makefile cmTC_5ad5a/fast && /usr/bin/gmake  -f CMakeFiles/cmTC_5ad5a.dir/build.make CMakeFiles/cmTC_5ad5a.dir/build
gmake[1]: Entering directory '/home/sanmopre/OpenCV_UAV/opencv-4.9.0/build/CMakeFiles/CMakeTmp'
Building C object CMakeFiles/cmTC_5ad5a.dir/src.c.o
/usr/bin/cc   -fsigned-char -W -Wall -Wreturn-type -Waddress -Wsequence-point -Wformat -Wformat-security -Wmissing-declarations -Wmissing-prototypes -Wstrict-prototypes -Wundef -Winit-self -Wpointer-arith -Wshadow -Wuninitialized -Wno-comment -Wimplicit-fallthrough=3 -Wno-strict-overflow -fdiagnostics-show-option -Wno-long-long -pthread -fomit-frame-pointer -ffunction-sections -fdata-sections  -msse -msse2 -msse3 -fvisibility=hidden  -O3 -DNDEBUG  -DNDEBUG -fPIE    -Wno-implicit-const-int-float-conversion -o CMakeFiles/cmTC_5ad5a.dir/src.c.o -c /home/sanmopre/OpenCV_UAV/opencv-4.9.0/build/CMakeFiles/CMakeTmp/src.c
/home/sanmopre/OpenCV_UAV/opencv-4.9.0/build/CMakeFiles/CMakeTmp/src.c:1: warning: ignoring ‘#pragma  ’ [-Wunknown-pragmas]
    1 | #pragma
      | 
cc1: note: unrecognized command-line option ‘-Wno-implicit-const-int-float-conversion’ may have been intended to silence earlier diagnostics
Linking C executable cmTC_5ad5a
/usr/bin/cmake -E cmake_link_script CMakeFiles/cmTC_5ad5a.dir/link.txt --verbose=1
/usr/bin/cc    -fsigned-char -W -Wall -Wreturn-type -Waddress -Wsequence-point -Wformat -Wformat-security -Wmissing-declarations -Wmissing-prototypes -Wstrict-prototypes -Wundef -Winit-self -Wpointer-arith -Wshadow -Wuninitialized -Wno-comment -Wimplicit-fallthrough=3 -Wno-strict-overflow -fdiagnostics-show-option -Wno-long-long -pthread -fomit-frame-pointer -ffunction-sections -fdata-sections  -msse -msse2 -msse3 -fvisibility=hidden  -O3 -DNDEBUG  -DNDEBUG   -Wl,--gc-sections -Wl,--as-needed -Wl,--no-undefined  CMakeFiles/cmTC_5ad5a.dir/src.c.o -o cmTC_5ad5a 
gmake[1]: Leaving directory '/home/sanmopre/OpenCV_UAV/opencv-4.9.0/build/CMakeFiles/CMakeTmp'


===== END =====

Build output check failed:
    Regex: 'unrecognized .*option'
    Output line: 'cc1: note: unrecognized command-line option ‘-Wno-documentation’ may have been intended to silence earlier diagnostics'
Compilation failed:
    source file: '/home/sanmopre/OpenCV_UAV/opencv-4.9.0/build/CMakeFiles/CMakeTmp/src.c'
    check option: ' -Wno-documentation'
===== BUILD LOG =====
Change Dir: /home/sanmopre/OpenCV_UAV/opencv-4.9.0/build/CMakeFiles/CMakeTmp

Run Build Command(s):/usr/bin/gmake -f Makefile cmTC_fca5c/fast && /usr/bin/gmake  -f CMakeFiles/cmTC_fca5c.dir/build.make CMakeFiles/cmTC_fca5c.dir/build
gmake[1]: Entering directory '/home/sanmopre/OpenCV_UAV/opencv-4.9.0/build/CMakeFiles/CMakeTmp'
Building C object CMakeFiles/cmTC_fca5c.dir/src.c.o
/usr/bin/cc   -fsigned-char -W -Wall -Wreturn-type -Waddress -Wsequence-point -Wformat -Wformat-security -Wstrict-prototypes -Wundef -Winit-self -Wpointer-arith -Wshadow -Wuninitialized -Wno-comment -Wimplicit-fallthrough=3 -Wno-strict-overflow -fdiagnostics-show-option -Wno-long-long -pthread -fomit-frame-pointer -ffunction-sections -fdata-sections  -msse -msse2 -msse3 -fvisibility=hidden -Wno-unused-but-set-variable -Wno-missing-prototypes -Wno-missing-declarations  -O3 -DNDEBUG  -DNDEBUG -fPIE    -Wno-documentation -o CMakeFiles/cmTC_fca5c.dir/src.c.o -c /home/sanmopre/OpenCV_UAV/opencv-4.9.0/build/CMakeFiles/CMakeTmp/src.c
/home/sanmopre/OpenCV_UAV/opencv-4.9.0/build/CMakeFiles/CMakeTmp/src.c:1: warning: ignoring ‘#pragma  ’ [-Wunknown-pragmas]
    1 | #pragma
      | 
cc1: note: unrecognized command-line option ‘-Wno-documentation’ may have been intended to silence earlier diagnostics
Linking C executable cmTC_fca5c
/usr/bin/cmake -E cmake_link_script CMakeFiles/cmTC_fca5c.dir/link.txt --verbose=1
/usr/bin/cc    -fsigned-char -W -Wall -Wreturn-type -Waddress -Wsequence-point -Wformat -Wformat-security -Wstrict-prototypes -Wundef -Winit-self -Wpointer-arith -Wshadow -Wuninitialized -Wno-comment -Wimplicit-fallthrough=3 -Wno-strict-overflow -fdiagnostics-show-option -Wno-long-long -pthread -fomit-frame-pointer -ffunction-sections -fdata-sections  -msse -msse2 -msse3 -fvisibility=hidden -Wno-unused-but-set-variable -Wno-missing-prototypes -Wno-missing-declarations  -O3 -DNDEBUG  -DNDEBUG   -Wl,--gc-sections -Wl,--as-needed -Wl,--no-undefined  CMakeFiles/cmTC_fca5c.dir/src.c.o -o cmTC_fca5c 
gmake[1]: Leaving directory '/home/sanmopre/OpenCV_UAV/opencv-4.9.0/build/CMakeFiles/CMakeTmp'


===== END =====

Determining if the _aligned_malloc exist failed with the following output:
Change Dir: /home/sanmopre/OpenCV_UAV/opencv-4.9.0/build/CMakeFiles/CMakeTmp

Run Build Command(s):/usr/bin/gmake -f Makefile cmTC_4c444/fast && /usr/bin/gmake  -f CMakeFiles/cmTC_4c444.dir/build.make CMakeFiles/cmTC_4c444.dir/build
gmake[1]: Entering directory '/home/sanmopre/OpenCV_UAV/opencv-4.9.0/build/CMakeFiles/CMakeTmp'
Building C object CMakeFiles/cmTC_4c444.dir/CheckSymbolExists.c.o
/usr/bin/cc   -fsigned-char -W -Wall -Wreturn-type -Waddress -Wsequence-point -Wformat -Wformat-security -Wstrict-prototypes -Wundef -Winit-self -Wpointer-arith -Wshadow -Wuninitialized -Wno-comment -Wimplicit-fallthrough=3 -Wno-strict-overflow -fdiagnostics-show-option -Wno-long-long -pthread -fomit-frame-pointer -ffunction-sections -fdata-sections  -msse -msse2 -msse3 -fvisibility=hidden -Wno-unused-but-set-variable -Wno-missing-prototypes -Wno-missing-declarations  -O3 -DNDEBUG  -DNDEBUG -fPIE -o CMakeFiles/cmTC_4c444.dir/CheckSymbolExists.c.o -c /home/sanmopre/OpenCV_UAV/opencv-4.9.0/build/CMakeFiles/CMakeTmp/CheckSymbolExists.c
/home/sanmopre/OpenCV_UAV/opencv-4.9.0/build/CMakeFiles/CMakeTmp/CheckSymbolExists.c: In function ‘main’:
/home/sanmopre/OpenCV_UAV/opencv-4.9.0/build/CMakeFiles/CMakeTmp/CheckSymbolExists.c:8:19: error: ‘_aligned_malloc’ undeclared (first use in this function)
    8 |   return ((int*)(&_aligned_malloc))[argc];
      |                   ^~~~~~~~~~~~~~~
/home/sanmopre/OpenCV_UAV/opencv-4.9.0/build/CMakeFiles/CMakeTmp/CheckSymbolExists.c:8:19: note: each undeclared identifier is reported only once for each function it appears in
/home/sanmopre/OpenCV_UAV/opencv-4.9.0/build/CMakeFiles/CMakeTmp/CheckSymbolExists.c:4:14: warning: parameter ‘argc’ set but not used [-Wunused-but-set-parameter]
    4 | int main(int argc, char** argv)
      |          ~~~~^~~~
gmake[1]: *** [CMakeFiles/cmTC_4c444.dir/build.make:78: CMakeFiles/cmTC_4c444.dir/CheckSymbolExists.c.o] Error 1
gmake[1]: Leaving directory '/home/sanmopre/OpenCV_UAV/opencv-4.9.0/build/CMakeFiles/CMakeTmp'
gmake: *** [Makefile:127: cmTC_4c444/fast] Error 2


File /home/sanmopre/OpenCV_UAV/opencv-4.9.0/build/CMakeFiles/CMakeTmp/CheckSymbolExists.c:
/* */
#include <malloc.h>

int main(int argc, char** argv)
{
  (void)argv;
#ifndef _aligned_malloc
  return ((int*)(&_aligned_malloc))[argc];
#else
  (void)argc;
  return 0;
#endif
}
Determining if the function sgemm_ exists failed with the following output:
Change Dir: /home/sanmopre/OpenCV_UAV/opencv-4.9.0/build/CMakeFiles/CMakeTmp

Run Build Command(s):/usr/bin/gmake -f Makefile cmTC_74824/fast && /usr/bin/gmake  -f CMakeFiles/cmTC_74824.dir/build.make CMakeFiles/cmTC_74824.dir/build
gmake[1]: Entering directory '/home/sanmopre/OpenCV_UAV/opencv-4.9.0/build/CMakeFiles/CMakeTmp'
Building C object CMakeFiles/cmTC_74824.dir/CheckFunctionExists.c.o
/usr/bin/cc   -fsigned-char -W -Wall -Wreturn-type -Waddress -Wsequence-point -Wformat -Wformat-security -Wmissing-declarations -Wmissing-prototypes -Wstrict-prototypes -Wundef -Winit-self -Wpointer-arith -Wshadow -Wuninitialized -Wno-comment -Wimplicit-fallthrough=3 -Wno-strict-overflow -fdiagnostics-show-option -Wno-long-long -pthread -fomit-frame-pointer -ffunction-sections -fdata-sections  -msse -msse2 -msse3 -fvisibility=hidden -DCHECK_FUNCTION_EXISTS=sgemm_ -O3 -DNDEBUG  -DNDEBUG -fPIE -o CMakeFiles/cmTC_74824.dir/CheckFunctionExists.c.o -c /usr/share/cmake-3.22/Modules/CheckFunctionExists.c
Linking C executable cmTC_74824
/usr/bin/cmake -E cmake_link_script CMakeFiles/cmTC_74824.dir/link.txt --verbose=1
/usr/bin/cc    -fsigned-char -W -Wall -Wreturn-type -Waddress -Wsequence-point -Wformat -Wformat-security -Wmissing-declarations -Wmissing-prototypes -Wstrict-prototypes -Wundef -Winit-self -Wpointer-arith -Wshadow -Wuninitialized -Wno-comment -Wimplicit-fallthrough=3 -Wno-strict-overflow -fdiagnostics-show-option -Wno-long-long -pthread -fomit-frame-pointer -ffunction-sections -fdata-sections  -msse -msse2 -msse3 -fvisibility=hidden -DCHECK_FUNCTION_EXISTS=sgemm_ -O3 -DNDEBUG  -DNDEBUG   -Wl,--gc-sections -Wl,--as-needed -Wl,--no-undefined  CMakeFiles/cmTC_74824.dir/CheckFunctionExists.c.o -o cmTC_74824 
/usr/bin/ld: CMakeFiles/cmTC_74824.dir/CheckFunctionExists.c.o: in function `main':
CheckFunctionExists.c:(.text.startup.main+0x10): undefined reference to `sgemm_'
collect2: error: ld returned 1 exit status
gmake[1]: *** [CMakeFiles/cmTC_74824.dir/build.make:99: cmTC_74824] Error 1
gmake[1]: Leaving directory '/home/sanmopre/OpenCV_UAV/opencv-4.9.0/build/CMakeFiles/CMakeTmp'
gmake: *** [Makefile:127: cmTC_74824/fast] Error 2



Build output check failed:
    Regex: 'command[- ]line option .* is valid for .* but not for C\+\+'
    Output line: 'cc1plus: warning: command-line option ‘-Wno-missing-prototypes’ is valid for C/ObjC but not for C++'
Compilation failed:
    source file: '/home/sanmopre/OpenCV_UAV/opencv-4.9.0/build/CMakeFiles/CMakeTmp/src.cxx'
    check option: ' -Wno-missing-prototypes'
===== BUILD LOG =====
Change Dir: /home/sanmopre/OpenCV_UAV/opencv-4.9.0/build/CMakeFiles/CMakeTmp

Run Build Command(s):/usr/bin/gmake -f Makefile cmTC_c2447/fast && /usr/bin/gmake  -f CMakeFiles/cmTC_c2447.dir/build.make CMakeFiles/cmTC_c2447.dir/build
gmake[1]: Entering directory '/home/sanmopre/OpenCV_UAV/opencv-4.9.0/build/CMakeFiles/CMakeTmp'
Building CXX object CMakeFiles/cmTC_c2447.dir/src.cxx.o
/usr/bin/c++   -fsigned-char -W -Wall -Wreturn-type -Wnon-virtual-dtor -Waddress -Wsequence-point -Wformat -Wformat-security -Wmissing-declarations -Wundef -Winit-self -Wpointer-arith -Wshadow -Wsign-promo -Wuninitialized -Wsuggest-override -Wno-delete-non-virtual-dtor -Wno-comment -Wimplicit-fallthrough=3 -Wno-strict-overflow -fdiagnostics-show-option -Wno-long-long -pthread -fomit-frame-pointer -ffunction-sections -fdata-sections  -msse -msse2 -msse3 -fvisibility=hidden -fvisibility-inlines-hidden -Wno-deprecated  -O3 -DNDEBUG  -DNDEBUG -fPIE    -Wno-missing-prototypes -std=c++11 -o CMakeFiles/cmTC_c2447.dir/src.cxx.o -c /home/sanmopre/OpenCV_UAV/opencv-4.9.0/build/CMakeFiles/CMakeTmp/src.cxx
cc1plus: warning: command-line option ‘-Wno-missing-prototypes’ is valid for C/ObjC but not for C++
/home/sanmopre/OpenCV_UAV/opencv-4.9.0/build/CMakeFiles/CMakeTmp/src.cxx:1: warning: ignoring ‘#pragma  ’ [-Wunknown-pragmas]
    1 | #pragma
      | 
Linking CXX executable cmTC_c2447
/usr/bin/cmake -E cmake_link_script CMakeFiles/cmTC_c2447.dir/link.txt --verbose=1
/usr/bin/c++    -fsigned-char -W -Wall -Wreturn-type -Wnon-virtual-dtor -Waddress -Wsequence-point -Wformat -Wformat-security -Wmissing-declarations -Wundef -Winit-self -Wpointer-arith -Wshadow -Wsign-promo -Wuninitialized -Wsuggest-override -Wno-delete-non-virtual-dtor -Wno-comment -Wimplicit-fallthrough=3 -Wno-strict-overflow -fdiagnostics-show-option -Wno-long-long -pthread -fomit-frame-pointer -ffunction-sections -fdata-sections  -msse -msse2 -msse3 -fvisibility=hidden -fvisibility-inlines-hidden -Wno-deprecated  -O3 -DNDEBUG  -DNDEBUG   -Wl,--gc-sections -Wl,--as-needed -Wl,--no-undefined  CMakeFiles/cmTC_c2447.dir/src.cxx.o -o cmTC_c2447 
gmake[1]: Leaving directory '/home/sanmopre/OpenCV_UAV/opencv-4.9.0/build/CMakeFiles/CMakeTmp'


===== END =====

Build output check failed:
    Regex: 'unrecognized .*option'
    Output line: 'cc1plus: note: unrecognized command-line option ‘-Wno-tautological-undefined-compare’ may have been intended to silence earlier diagnostics'
Compilation failed:
    source file: '/home/sanmopre/OpenCV_UAV/opencv-4.9.0/build/CMakeFiles/CMakeTmp/src.cxx'
    check option: ' -Wno-tautological-undefined-compare'
===== BUILD LOG =====
Change Dir: /home/sanmopre/OpenCV_UAV/opencv-4.9.0/build/CMakeFiles/CMakeTmp

Run Build Command(s):/usr/bin/gmake -f Makefile cmTC_baa96/fast && /usr/bin/gmake  -f CMakeFiles/cmTC_baa96.dir/build.make CMakeFiles/cmTC_baa96.dir/build
gmake[1]: Entering directory '/home/sanmopre/OpenCV_UAV/opencv-4.9.0/build/CMakeFiles/CMakeTmp'
Building CXX object CMakeFiles/cmTC_baa96.dir/src.cxx.o
/usr/bin/c++   -fsigned-char -W -Wall -Wreturn-type -Wnon-virtual-dtor -Waddress -Wsequence-point -Wformat -Wformat-security -Winit-self -Wpointer-arith -Wuninitialized -Wsuggest-override -Wno-delete-non-virtual-dtor -Wno-comment -Wimplicit-fallthrough=3 -Wno-strict-overflow -fdiagnostics-show-option -Wno-long-long -pthread -fomit-frame-pointer -ffunction-sections -fdata-sections  -msse -msse2 -msse3 -fvisibility=hidden -fvisibility-inlines-hidden -Wno-deprecated -Wno-missing-declarations -Wno-shadow -Wno-unused-parameter -Wno-unused-local-typedefs -Wno-sign-compare -Wno-sign-promo -Wno-undef  -O3 -DNDEBUG  -DNDEBUG -fPIE    -Wno-tautological-undefined-compare -std=c++11 -o CMakeFiles/cmTC_baa96.dir/src.cxx.o -c /home/sanmopre/OpenCV_UAV/opencv-4.9.0/build/CMakeFiles/CMakeTmp/src.cxx
/home/sanmopre/OpenCV_UAV/opencv-4.9.0/build/CMakeFiles/CMakeTmp/src.cxx:1: warning: ignoring ‘#pragma  ’ [-Wunknown-pragmas]
    1 | #pragma
      | 
cc1plus: note: unrecognized command-line option ‘-Wno-tautological-undefined-compare’ may have been intended to silence earlier diagnostics
Linking CXX executable cmTC_baa96
/usr/bin/cmake -E cmake_link_script CMakeFiles/cmTC_baa96.dir/link.txt --verbose=1
/usr/bin/c++    -fsigned-char -W -Wall -Wreturn-type -Wnon-virtual-dtor -Waddress -Wsequence-point -Wformat -Wformat-security -Winit-self -Wpointer-arith -Wuninitialized -Wsuggest-override -Wno-delete-non-virtual-dtor -Wno-comment -Wimplicit-fallthrough=3 -Wno-strict-overflow -fdiagnostics-show-option -Wno-long-long -pthread -fomit-frame-pointer -ffunction-sections -fdata-sections  -msse -msse2 -msse3 -fvisibility=hidden -fvisibility-inlines-hidden -Wno-deprecated -Wno-missing-declarations -Wno-shadow -Wno-unused-parameter -Wno-unused-local-typedefs -Wno-sign-compare -Wno-sign-promo -Wno-undef  -O3 -DNDEBUG  -DNDEBUG   -Wl,--gc-sections -Wl,--as-needed -Wl,--no-undefined  CMakeFiles/cmTC_baa96.dir/src.cxx.o -o cmTC_baa96 
gmake[1]: Leaving directory '/home/sanmopre/OpenCV_UAV/opencv-4.9.0/build/CMakeFiles/CMakeTmp'


===== END =====

Build output check failed:
    Regex: 'unrecognized .*option'
    Output line: 'cc1plus: note: unrecognized command-line option ‘-Wno-shorten-64-to-32’ may have been intended to silence earlier diagnostics'
Compilation failed:
    source file: '/home/sanmopre/OpenCV_UAV/opencv-4.9.0/build/CMakeFiles/CMakeTmp/src.cxx'
    check option: ' -Wno-shorten-64-to-32'
===== BUILD LOG =====
Change Dir: /home/sanmopre/OpenCV_UAV/opencv-4.9.0/build/CMakeFiles/CMakeTmp

Run Build Command(s):/usr/bin/gmake -f Makefile cmTC_578fc/fast && /usr/bin/gmake  -f CMakeFiles/cmTC_578fc.dir/build.make CMakeFiles/cmTC_578fc.dir/build
gmake[1]: Entering directory '/home/sanmopre/OpenCV_UAV/opencv-4.9.0/build/CMakeFiles/CMakeTmp'
Building CXX object CMakeFiles/cmTC_578fc.dir/src.cxx.o
/usr/bin/c++   -fsigned-char -W -Wall -Wreturn-type -Wnon-virtual-dtor -Waddress -Wsequence-point -Wformat -Wformat-security -Winit-self -Wpointer-arith -Wuninitialized -Wsuggest-override -Wno-delete-non-virtual-dtor -Wno-comment -Wimplicit-fallthrough=3 -Wno-strict-overflow -fdiagnostics-show-option -Wno-long-long -pthread -fomit-frame-pointer -ffunction-sections -fdata-sections  -msse -msse2 -msse3 -fvisibility=hidden -fvisibility-inlines-hidden -Wno-deprecated -Wno-missing-declarations -Wno-shadow -Wno-unused-parameter -Wno-unused-local-typedefs -Wno-sign-compare -Wno-sign-promo -Wno-undef -Wno-ignored-qualifiers -Wno-extra -Wno-unused-function -Wno-unused-const-variable  -O3 -DNDEBUG  -DNDEBUG -fPIE    -Wno-shorten-64-to-32 -std=c++11 -o CMakeFiles/cmTC_578fc.dir/src.cxx.o -c /home/sanmopre/OpenCV_UAV/opencv-4.9.0/build/CMakeFiles/CMakeTmp/src.cxx
/home/sanmopre/OpenCV_UAV/opencv-4.9.0/build/CMakeFiles/CMakeTmp/src.cxx:1: warning: ignoring ‘#pragma  ’ [-Wunknown-pragmas]
    1 | #pragma
      | 
cc1plus: note: unrecognized command-line option ‘-Wno-shorten-64-to-32’ may have been intended to silence earlier diagnostics
Linking CXX executable cmTC_578fc
/usr/bin/cmake -E cmake_link_script CMakeFiles/cmTC_578fc.dir/link.txt --verbose=1
/usr/bin/c++    -fsigned-char -W -Wall -Wreturn-type -Wnon-virtual-dtor -Waddress -Wsequence-point -Wformat -Wformat-security -Winit-self -Wpointer-arith -Wuninitialized -Wsuggest-override -Wno-delete-non-virtual-dtor -Wno-comment -Wimplicit-fallthrough=3 -Wno-strict-overflow -fdiagnostics-show-option -Wno-long-long -pthread -fomit-frame-pointer -ffunction-sections -fdata-sections  -msse -msse2 -msse3 -fvisibility=hidden -fvisibility-inlines-hidden -Wno-deprecated -Wno-missing-declarations -Wno-shadow -Wno-unused-parameter -Wno-unused-local-typedefs -Wno-sign-compare -Wno-sign-promo -Wno-undef -Wno-ignored-qualifiers -Wno-extra -Wno-unused-function -Wno-unused-const-variable  -O3 -DNDEBUG  -DNDEBUG   -Wl,--gc-sections -Wl,--as-needed -Wl,--no-undefined  CMakeFiles/cmTC_578fc.dir/src.cxx.o -o cmTC_578fc 
gmake[1]: Leaving directory '/home/sanmopre/OpenCV_UAV/opencv-4.9.0/build/CMakeFiles/CMakeTmp'


===== END =====

Build output check failed:
    Regex: 'unrecognized .*option'
    Output line: 'cc1plus: note: unrecognized command-line option ‘-Wno-enum-compare-switch’ may have been intended to silence earlier diagnostics'
Compilation failed:
    source file: '/home/sanmopre/OpenCV_UAV/opencv-4.9.0/build/CMakeFiles/CMakeTmp/src.cxx'
    check option: ' -Wno-enum-compare-switch'
===== BUILD LOG =====
Change Dir: /home/sanmopre/OpenCV_UAV/opencv-4.9.0/build/CMakeFiles/CMakeTmp

Run Build Command(s):/usr/bin/gmake -f Makefile cmTC_8b3a7/fast && /usr/bin/gmake  -f CMakeFiles/cmTC_8b3a7.dir/build.make CMakeFiles/cmTC_8b3a7.dir/build
gmake[1]: Entering directory '/home/sanmopre/OpenCV_UAV/opencv-4.9.0/build/CMakeFiles/CMakeTmp'
Building CXX object CMakeFiles/cmTC_8b3a7.dir/src.cxx.o
/usr/bin/c++   -fsigned-char -W -Wall -Wreturn-type -Wnon-virtual-dtor -Waddress -Wsequence-point -Wformat -Wformat-security -Winit-self -Wpointer-arith -Wuninitialized -Wsuggest-override -Wno-delete-non-virtual-dtor -Wno-comment -Wimplicit-fallthrough=3 -Wno-strict-overflow -fdiagnostics-show-option -Wno-long-long -pthread -fomit-frame-pointer -ffunction-sections -fdata-sections  -msse -msse2 -msse3 -fvisibility=hidden -fvisibility-inlines-hidden -Wno-deprecated -Wno-missing-declarations -Wno-shadow -Wno-unused-parameter -Wno-unused-local-typedefs -Wno-sign-compare -Wno-sign-promo -Wno-undef -Wno-ignored-qualifiers -Wno-extra -Wno-unused-function -Wno-unused-const-variable -Wno-invalid-offsetof  -O3 -DNDEBUG  -DNDEBUG -fPIE    -Wno-enum-compare-switch -std=c++11 -o CMakeFiles/cmTC_8b3a7.dir/src.cxx.o -c /home/sanmopre/OpenCV_UAV/opencv-4.9.0/build/CMakeFiles/CMakeTmp/src.cxx
/home/sanmopre/OpenCV_UAV/opencv-4.9.0/build/CMakeFiles/CMakeTmp/src.cxx:1: warning: ignoring ‘#pragma  ’ [-Wunknown-pragmas]
    1 | #pragma
      | 
cc1plus: note: unrecognized command-line option ‘-Wno-enum-compare-switch’ may have been intended to silence earlier diagnostics
Linking CXX executable cmTC_8b3a7
/usr/bin/cmake -E cmake_link_script CMakeFiles/cmTC_8b3a7.dir/link.txt --verbose=1
/usr/bin/c++    -fsigned-char -W -Wall -Wreturn-type -Wnon-virtual-dtor -Waddress -Wsequence-point -Wformat -Wformat-security -Winit-self -Wpointer-arith -Wuninitialized -Wsuggest-override -Wno-delete-non-virtual-dtor -Wno-comment -Wimplicit-fallthrough=3 -Wno-strict-overflow -fdiagnostics-show-option -Wno-long-long -pthread -fomit-frame-pointer -ffunction-sections -fdata-sections  -msse -msse2 -msse3 -fvisibility=hidden -fvisibility-inlines-hidden -Wno-deprecated -Wno-missing-declarations -Wno-shadow -Wno-unused-parameter -Wno-unused-local-typedefs -Wno-sign-compare -Wno-sign-promo -Wno-undef -Wno-ignored-qualifiers -Wno-extra -Wno-unused-function -Wno-unused-const-variable -Wno-invalid-offsetof  -O3 -DNDEBUG  -DNDEBUG   -Wl,--gc-sections -Wl,--as-needed -Wl,--no-undefined  CMakeFiles/cmTC_8b3a7.dir/src.cxx.o -o cmTC_8b3a7 
gmake[1]: Leaving directory '/home/sanmopre/OpenCV_UAV/opencv-4.9.0/build/CMakeFiles/CMakeTmp'


===== END =====

Build output check failed:
    Regex: 'unrecognized .*option'
    Output line: 'cc1plus: note: unrecognized command-line option ‘-Wno-inconsistent-missing-override’ may have been intended to silence earlier diagnostics'
Compilation failed:
    source file: '/home/sanmopre/OpenCV_UAV/opencv-4.9.0/build/CMakeFiles/CMakeTmp/src.cxx'
    check option: ' -Wno-inconsistent-missing-override'
===== BUILD LOG =====
Change Dir: /home/sanmopre/OpenCV_UAV/opencv-4.9.0/build/CMakeFiles/CMakeTmp

Run Build Command(s):/usr/bin/gmake -f Makefile cmTC_15390/fast && /usr/bin/gmake  -f CMakeFiles/cmTC_15390.dir/build.make CMakeFiles/cmTC_15390.dir/build
gmake[1]: Entering directory '/home/sanmopre/OpenCV_UAV/opencv-4.9.0/build/CMakeFiles/CMakeTmp'
Building CXX object CMakeFiles/cmTC_15390.dir/src.cxx.o
/usr/bin/c++   -fsigned-char -W -Wall -Wreturn-type -Wnon-virtual-dtor -Waddress -Wsequence-point -Wformat -Wformat-security -Winit-self -Wpointer-arith -Wuninitialized -Wno-delete-non-virtual-dtor -Wno-comment -Wimplicit-fallthrough=3 -Wno-strict-overflow -fdiagnostics-show-option -Wno-long-long -pthread -fomit-frame-pointer -ffunction-sections -fdata-sections  -msse -msse2 -msse3 -fvisibility=hidden -fvisibility-inlines-hidden -Wno-deprecated -Wno-missing-declarations -Wno-shadow -Wno-unused-parameter -Wno-unused-local-typedefs -Wno-sign-compare -Wno-sign-promo -Wno-undef -Wno-ignored-qualifiers -Wno-extra -Wno-unused-function -Wno-unused-const-variable -Wno-invalid-offsetof -Wno-suggest-override  -O3 -DNDEBUG  -DNDEBUG -fPIE    -Wno-inconsistent-missing-override -std=c++11 -o CMakeFiles/cmTC_15390.dir/src.cxx.o -c /home/sanmopre/OpenCV_UAV/opencv-4.9.0/build/CMakeFiles/CMakeTmp/src.cxx
/home/sanmopre/OpenCV_UAV/opencv-4.9.0/build/CMakeFiles/CMakeTmp/src.cxx:1: warning: ignoring ‘#pragma  ’ [-Wunknown-pragmas]
    1 | #pragma
      | 
cc1plus: note: unrecognized command-line option ‘-Wno-inconsistent-missing-override’ may have been intended to silence earlier diagnostics
Linking CXX executable cmTC_15390
/usr/bin/cmake -E cmake_link_script CMakeFiles/cmTC_15390.dir/link.txt --verbose=1
/usr/bin/c++    -fsigned-char -W -Wall -Wreturn-type -Wnon-virtual-dtor -Waddress -Wsequence-point -Wformat -Wformat-security -Winit-self -Wpointer-arith -Wuninitialized -Wno-delete-non-virtual-dtor -Wno-comment -Wimplicit-fallthrough=3 -Wno-strict-overflow -fdiagnostics-show-option -Wno-long-long -pthread -fomit-frame-pointer -ffunction-sections -fdata-sections  -msse -msse2 -msse3 -fvisibility=hidden -fvisibility-inlines-hidden -Wno-deprecated -Wno-missing-declarations -Wno-shadow -Wno-unused-parameter -Wno-unused-local-typedefs -Wno-sign-compare -Wno-sign-promo -Wno-undef -Wno-ignored-qualifiers -Wno-extra -Wno-unused-function -Wno-unused-const-variable -Wno-invalid-offsetof -Wno-suggest-override  -O3 -DNDEBUG  -DNDEBUG   -Wl,--gc-sections -Wl,--as-needed -Wl,--no-undefined  CMakeFiles/cmTC_15390.dir/src.cxx.o -o cmTC_15390 
gmake[1]: Leaving directory '/home/sanmopre/OpenCV_UAV/opencv-4.9.0/build/CMakeFiles/CMakeTmp'


===== END =====

Build output check failed:
    Regex: 'unrecognized .*option'
    Output line: 'cc1plus: note: unrecognized command-line option ‘-Wno-comma’ may have been intended to silence earlier diagnostics'
Compilation failed:
    source file: '/home/sanmopre/OpenCV_UAV/opencv-4.9.0/build/CMakeFiles/CMakeTmp/src.cxx'
    check option: ' -Wno-comma'
===== BUILD LOG =====
Change Dir: /home/sanmopre/OpenCV_UAV/opencv-4.9.0/build/CMakeFiles/CMakeTmp

Run Build Command(s):/usr/bin/gmake -f Makefile cmTC_a4c8f/fast && /usr/bin/gmake  -f CMakeFiles/cmTC_a4c8f.dir/build.make CMakeFiles/cmTC_a4c8f.dir/build
gmake[1]: Entering directory '/home/sanmopre/OpenCV_UAV/opencv-4.9.0/build/CMakeFiles/CMakeTmp'
Building CXX object CMakeFiles/cmTC_a4c8f.dir/src.cxx.o
/usr/bin/c++   -fsigned-char -W -Wall -Wreturn-type -Wnon-virtual-dtor -Waddress -Wsequence-point -Wformat -Wformat-security -Winit-self -Wpointer-arith -Wuninitialized -Wno-delete-non-virtual-dtor -Wno-comment -Wno-strict-overflow -fdiagnostics-show-option -Wno-long-long -pthread -fomit-frame-pointer -ffunction-sections -fdata-sections  -msse -msse2 -msse3 -fvisibility=hidden -fvisibility-inlines-hidden -Wno-deprecated -Wno-missing-declarations -Wno-shadow -Wno-unused-parameter -Wno-unused-local-typedefs -Wno-sign-compare -Wno-sign-promo -Wno-undef -Wno-ignored-qualifiers -Wno-extra -Wno-unused-function -Wno-unused-const-variable -Wno-invalid-offsetof -Wno-suggest-override -Wno-implicit-fallthrough -Wno-array-bounds -Wno-stringop-overflow -Wno-stringop-overread -Wno-extra-semi  -O3 -DNDEBUG  -DNDEBUG -fPIE    -Wno-comma -std=c++11 -o CMakeFiles/cmTC_a4c8f.dir/src.cxx.o -c /home/sanmopre/OpenCV_UAV/opencv-4.9.0/build/CMakeFiles/CMakeTmp/src.cxx
/home/sanmopre/OpenCV_UAV/opencv-4.9.0/build/CMakeFiles/CMakeTmp/src.cxx:1: warning: ignoring ‘#pragma  ’ [-Wunknown-pragmas]
    1 | #pragma
      | 
cc1plus: note: unrecognized command-line option ‘-Wno-comma’ may have been intended to silence earlier diagnostics
Linking CXX executable cmTC_a4c8f
/usr/bin/cmake -E cmake_link_script CMakeFiles/cmTC_a4c8f.dir/link.txt --verbose=1
/usr/bin/c++    -fsigned-char -W -Wall -Wreturn-type -Wnon-virtual-dtor -Waddress -Wsequence-point -Wformat -Wformat-security -Winit-self -Wpointer-arith -Wuninitialized -Wno-delete-non-virtual-dtor -Wno-comment -Wno-strict-overflow -fdiagnostics-show-option -Wno-long-long -pthread -fomit-frame-pointer -ffunction-sections -fdata-sections  -msse -msse2 -msse3 -fvisibility=hidden -fvisibility-inlines-hidden -Wno-deprecated -Wno-missing-declarations -Wno-shadow -Wno-unused-parameter -Wno-unused-local-typedefs -Wno-sign-compare -Wno-sign-promo -Wno-undef -Wno-ignored-qualifiers -Wno-extra -Wno-unused-function -Wno-unused-const-variable -Wno-invalid-offsetof -Wno-suggest-override -Wno-implicit-fallthrough -Wno-array-bounds -Wno-stringop-overflow -Wno-stringop-overread -Wno-extra-semi  -O3 -DNDEBUG  -DNDEBUG   -Wl,--gc-sections -Wl,--as-needed -Wl,--no-undefined  CMakeFiles/cmTC_a4c8f.dir/src.cxx.o -o cmTC_a4c8f 
gmake[1]: Leaving directory '/home/sanmopre/OpenCV_UAV/opencv-4.9.0/build/CMakeFiles/CMakeTmp'


===== END =====

Determining if the include file sys/videoio.h exists failed with the following output:
Change Dir: /home/sanmopre/OpenCV_UAV/opencv-4.9.0/build/CMakeFiles/CMakeTmp

Run Build Command(s):/usr/bin/gmake -f Makefile cmTC_6e53d/fast && /usr/bin/gmake  -f CMakeFiles/cmTC_6e53d.dir/build.make CMakeFiles/cmTC_6e53d.dir/build
gmake[1]: Entering directory '/home/sanmopre/OpenCV_UAV/opencv-4.9.0/build/CMakeFiles/CMakeTmp'
Building C object CMakeFiles/cmTC_6e53d.dir/CheckIncludeFile.c.o
/usr/bin/cc   -fsigned-char -W -Wall -Wreturn-type -Waddress -Wsequence-point -Wformat -Wformat-security -Wmissing-declarations -Wmissing-prototypes -Wstrict-prototypes -Wundef -Winit-self -Wpointer-arith -Wshadow -Wuninitialized -Wno-comment -Wimplicit-fallthrough=3 -Wno-strict-overflow -fdiagnostics-show-option -Wno-long-long -pthread -fomit-frame-pointer -ffunction-sections -fdata-sections  -msse -msse2 -msse3 -fvisibility=hidden  -O3 -DNDEBUG  -DNDEBUG -fPIE -o CMakeFiles/cmTC_6e53d.dir/CheckIncludeFile.c.o -c /home/sanmopre/OpenCV_UAV/opencv-4.9.0/build/CMakeFiles/CMakeTmp/CheckIncludeFile.c
/home/sanmopre/OpenCV_UAV/opencv-4.9.0/build/CMakeFiles/CMakeTmp/CheckIncludeFile.c:1:10: fatal error: sys/videoio.h: No such file or directory
    1 | #include <sys/videoio.h>
      |          ^~~~~~~~~~~~~~~
compilation terminated.
gmake[1]: *** [CMakeFiles/cmTC_6e53d.dir/build.make:78: CMakeFiles/cmTC_6e53d.dir/CheckIncludeFile.c.o] Error 1
gmake[1]: Leaving directory '/home/sanmopre/OpenCV_UAV/opencv-4.9.0/build/CMakeFiles/CMakeTmp'
gmake: *** [Makefile:127: cmTC_6e53d/fast] Error 2



